<?xml version="1.0" encoding="utf-8" standalone="no"?>
<!--This file represents the results of running a test suite-->
<test-results name="C:\Users\Oakland\Desktop\WindARTdevelopment\branches\2.0.0\Source\WindART.Data\bin\x86\Debug\WindART.dll" total="1" errors="0" failures="0" not-run="0" inconclusive="0" ignored="0" skipped="0" invalid="0" date="2011-07-17" time="12:57:05">
  <environment nunit-version="2.5.8.10295" clr-version="2.0.50727.4961" os-version="Microsoft Windows NT 6.1.7600.0" platform="Win32NT" cwd="C:\Program Files (x86)\NUnit 2.5.8\bin\net-2.0" machine-name="OAKLAND-PC" user="Oakland" user-domain="Oakland-PC" />
  <culture-info current-culture="en-US" current-uiculture="en-US" />
  <test-suite type="Assembly" name="C:\Users\Oakland\Desktop\WindARTdevelopment\branches\2.0.0\Source\WindART.Data\bin\x86\Debug\WindART.dll" executed="True" result="Success" success="True" time="0.094" asserts="0">
    <results>
      <test-suite type="Namespace" name="WindART" executed="True" result="Success" success="True" time="0.078" asserts="0">
        <results>
          <test-suite type="TestFixture" name="TestUtils" executed="True" result="Success" success="True" time="0.078" asserts="0">
            <results>
              <test-case name="WindART.TestUtils.TestMakeTable" executed="True" result="Success" success="True" time="0.078" asserts="0" />
            </results>
          </test-suite>
        </results>
      </test-suite>
    </results>
  </test-suite>
</test-results>