<?xml version="1.0" encoding="utf-8" standalone="no"?>
<!--This file represents the results of running a test suite-->
<test-results name="C:\Users\Jesse\Desktop\WindARTdevelopment\branches\1.0.0\Source\WindART_UI\bin\x86\Debug\WindART.dll" total="1" errors="0" failures="1" not-run="0" inconclusive="0" ignored="0" skipped="0" invalid="0" date="2010-05-25" time="01:43:02">
  <environment nunit-version="2.5.2.9222" clr-version="2.0.50727.4200" os-version="Microsoft Windows NT 6.0.6002 Service Pack 2" platform="Win32NT" cwd="C:\Program Files (x86)\NUnit 2.5.2\bin\net-2.0" machine-name="JTRLAPTOP" user="Jesse" user-domain="JTRLapTop" />
  <culture-info current-culture="en-US" current-uiculture="en-US" />
  <test-suite name="C:\Users\Jesse\Desktop\WindARTdevelopment\branches\1.0.0\Source\WindART_UI\bin\x86\Debug\WindART.dll" executed="True" success="False" time="1.075" asserts="0">
    <results>
      <test-suite name="WindART" executed="True" success="False" time="0.145" asserts="0">
        <results>
          <test-suite name="TestFileExport" executed="True" success="False" time="0.138" asserts="0">
            <failure>
              <message><![CDATA[System.TypeInitializationException : The type initializer for 'WindART.InitSettings' threw an exception.
  ----> System.NullReferenceException : Object reference not set to an instance of an object.]]></message>
              <stack-trace><![CDATA[at WindART.TestFileExport..ctor() in C:\Users\Jesse\Desktop\WindARTdevelopment\branches\1.0.0\Source\WindART.Data\Tests\Test.cs:line 1245
--NullReferenceException
at WindART.InitSettings..cctor() in C:\Users\Jesse\Desktop\WindARTdevelopment\branches\1.0.0\Source\WindART.Data\Tests\Test.cs:line 247
]]></stack-trace>
            </failure>
            <results>
              <test-case name="WindART.TestFileExport.Export12by24CSV" executed="True" success="False" time="0.000" asserts="0">
                <failure>
                  <message><![CDATA[TestFixtureSetUp failed in TestFileExport]]></message>
                  <stack-trace />
                </failure>
              </test-case>
            </results>
          </test-suite>
        </results>
      </test-suite>
    </results>
  </test-suite>
</test-results>