<?xml version="1.0" encoding="utf-8" standalone="no"?>
<!--This file represents the results of running a test suite-->
<test-results name="J:\C#\WindART_DAL\WindART_DAL\bin\Release\WindART.DAL.dll" total="6" failures="1" not-run="0" date="2009-09-20" time="23:42:36">
  <environment nunit-version="2.4.8.0" clr-version="2.0.50727.3053" os-version="Microsoft Windows NT 5.1.2600 Service Pack 3" platform="Win32NT" cwd="J:\C#\WindART_DAL\WindART_DAL\bin\Release" machine-name="JTR" user="Owner" user-domain="JTR" />
  <culture-info current-culture="en-US" current-uiculture="en-US" />
  <test-suite name="J:\C#\WindART_DAL\WindART_DAL\bin\Release\WindART.DAL.dll" success="False" time="6.359" asserts="0">
    <results>
      <test-suite name="WindART" success="False" time="6.344" asserts="0">
        <results>
          <test-suite name="DAL" success="False" time="6.344" asserts="0">
            <results>
              <test-suite name="Test" success="False" time="6.313" asserts="0">
                <results>
                  <test-case name="WindART.DAL.Test.TestCSVDataRepository" executed="True" success="True" time="2.766" asserts="1" />
                  <test-case name="WindART.DAL.Test.TestDataOrderFactory" executed="True" success="True" time="0.000" asserts="4" />
                  <test-case name="WindART.DAL.Test.TestExcel2003DataRepository" executed="True" success="True" time="1.625" asserts="1" />
                  <test-case name="WindART.DAL.Test.TestExcel2007DataRepository" executed="True" success="False" time="0.141" asserts="0">
                    <failure>
                      <message><![CDATA[System.Data.OleDb.OleDbException : Could not find installable ISAM.]]></message>
                      <stack-trace><![CDATA[at System.Data.OleDb.OleDbConnectionInternal..ctor(OleDbConnectionString constr, OleDbConnection connection)
at System.Data.OleDb.OleDbConnectionFactory.CreateConnection(DbConnectionOptions options, Object poolGroupProviderInfo, DbConnectionPool pool, DbConnection owningObject)
at System.Data.ProviderBase.DbConnectionFactory.CreateNonPooledConnection(DbConnection owningConnection, DbConnectionPoolGroup poolGroup)
at System.Data.ProviderBase.DbConnectionFactory.GetConnection(DbConnection owningConnection)
at System.Data.ProviderBase.DbConnectionClosed.OpenConnection(DbConnection outerConnection, DbConnectionFactory connectionFactory)
at System.Data.OleDb.OleDbConnection.Open()
at WindART.DAL.DataRepository.GetAllData() in J:\C#\WindART_DAL\WindART_DAL\DataRepository.cs:line 55
at WindART.DAL.Test.TestExcel2007DataRepository() in J:\C#\WindART_DAL\WindART_DAL\Test.cs:line 83
]]></stack-trace>
                    </failure>
                  </test-case>
                  <test-case name="WindART.DAL.Test.TestExcelDataOrder" executed="True" success="True" time="0.063" asserts="0" />
                  <test-case name="WindART.DAL.Test.TestTXTDataRepository" executed="True" success="True" time="1.641" asserts="1" />
                </results>
              </test-suite>
            </results>
          </test-suite>
        </results>
      </test-suite>
    </results>
  </test-suite>
</test-results>